info it worked if it ends with ok
verbose cli [ 'node', '/usr/local/bin/npm', 'install', 'bufferhelper' ]
info using npm@1.1.0-2
info using node@v0.7.0
verbose config file /home/will/.npmrc
verbose config file /usr/local/etc/npmrc
verbose config file /usr/local/lib/node_modules/npm/npmrc
verbose caching /home/will/node/node_modules/webjs/package.json
verbose loadDefaults webjs@0.4.6
verbose caching /home/will/node/node_modules/webjs/node_modules/emitter/package.json
verbose loadDefaults emitter@0.0.2
verbose caching /home/will/node/node_modules/webjs/node_modules/ejs/package.json
verbose loadDefaults ejs@0.6.1
verbose caching /home/will/node/node_modules/webjs/node_modules/mkdirp/package.json
verbose loadDefaults mkdirp@0.0.7
verbose caching /home/will/node/node_modules/webjs/node_modules/jade/package.json
verbose loadDefaults jade@0.20.0
verbose caching /home/will/node/node_modules/webjs/node_modules/mustache/package.json
verbose loadDefaults mustache@0.4.0
verbose caching /home/will/node/node_modules/webjs/node_modules/asynclist/package.json
verbose loadDefaults asynclist@0.0.2
verbose caching /home/will/node/node_modules/webjs/node_modules/formidable/package.json
verbose loadDefaults formidable@1.0.8
verbose caching /home/will/node/node_modules/webjs/node_modules/commander/package.json
verbose loadDefaults commander@0.3.2
verbose caching /home/will/node/node_modules/webjs/node_modules/eventproxy/package.json
verbose loadDefaults eventproxy@0.1.1
verbose from cache /home/will/node/node_modules/webjs/package.json
verbose cache add [ 'bufferhelper', null ]
silly cache add: name, spec, args [ undefined, 'bufferhelper', [ 'bufferhelper', null ] ]
verbose parsed url { pathname: 'bufferhelper',
verbose parsed url   path: 'bufferhelper',
verbose parsed url   href: 'bufferhelper' }
verbose addNamed [ 'bufferhelper', '' ]
verbose addNamed [ null, '' ]
silly name, range, hasData [ 'bufferhelper', '', false ]
verbose raw, before any munging bufferhelper
verbose url resolving [ 'https://registry.npmjs.org/', './bufferhelper' ]
verbose url resolved https://registry.npmjs.org/bufferhelper
verbose etag "BE2IWW9EAHVQ90LB7SJ2VRNK5"
http GET https://registry.npmjs.org/bufferhelper
http 304 https://registry.npmjs.org/bufferhelper
silly get cb [ 304,
silly get cb   { server: 'CouchDB/1.1.0 (Erlang OTP/R14B04)',
silly get cb     etag: '"BE2IWW9EAHVQ90LB7SJ2VRNK5"',
silly get cb     date: 'Sun, 22 Jan 2012 03:00:19 GMT',
silly get cb     'content-length': '0' } ]
verbose etag bufferhelper from cache
silly name, range, hasData 2 [ 'bufferhelper', '', true ]
silly versions [ 'bufferhelper', [] ]
ERR! Error: No compatible version found: bufferhelper
ERR! No valid targets found.
ERR! Perhaps not compatible with your version of node?
ERR!     at installTargetsError (/usr/local/lib/node_modules/npm/lib/cache.js:488:10)
ERR!     at next_ (/usr/local/lib/node_modules/npm/lib/cache.js:438:17)
ERR!     at next (/usr/local/lib/node_modules/npm/lib/cache.js:415:44)
ERR!     at /usr/local/lib/node_modules/npm/lib/cache.js:408:5
ERR!     at Object.saved [as oncomplete] (/usr/local/lib/node_modules/npm/lib/utils/npm-registry-client/get.js:147:7)
ERR! You may report this log at:
ERR!     <http://github.com/isaacs/npm/issues>
ERR! or email it to:
ERR!     <npm-@googlegroups.com>
ERR! 
ERR! System Linux 3.0.0-12-generic
ERR! command "node" "/usr/local/bin/npm" "install" "bufferhelper"
ERR! cwd /home/will/node/node_modules/webjs
ERR! node -v v0.7.0
ERR! npm -v 1.1.0-2
ERR! message No compatible version found: bufferhelper
ERR! message No valid targets found.
ERR! message Perhaps not compatible with your version of node?
verbose exit [ 1, true ]
